2023-05-03 18:36:41,863 - Initializing Velocity, Calling init()...
2023-05-03 18:36:41,863 - Starting Apache Velocity v1.7 (compiled: 2010-11-19 12:14:37)
2023-05-03 18:36:41,863 - Default Properties File: org/apache/velocity/runtime/defaults/velocity.properties
2023-05-03 18:36:41,863 - Trying to use logger class org.apache.velocity.runtime.log.AvalonLogChute
2023-05-03 18:36:41,863 - Target log system for org.apache.velocity.runtime.log.AvalonLogChute is not available (java.lang.NoClassDefFoundError: org/apache/log/format/Formatter).  Falling back to next log system...
2023-05-03 18:36:41,863 - Trying to use logger class org.apache.velocity.runtime.log.Log4JLogChute
2023-05-03 18:36:41,863 - Using logger class org.apache.velocity.runtime.log.Log4JLogChute
2023-05-03 18:36:41,868 - ResourceLoader instantiated: org.apache.velocity.runtime.resource.loader.FileResourceLoader
2023-05-03 18:36:41,869 - Do unicode file recognition:  false
2023-05-03 18:36:41,869 - FileResourceLoader : adding path '.'
2023-05-03 18:36:41,870 - ResourceLoader instantiated: org.apache.velocity.runtime.resource.loader.ClasspathResourceLoader
2023-05-03 18:36:41,882 - ResourceCache: initialized (class org.apache.velocity.runtime.resource.ResourceCacheImpl) with class java.util.Collections$SynchronizedMap cache map.
2023-05-03 18:36:41,883 - Loaded System Directive: org.apache.velocity.runtime.directive.Stop
2023-05-03 18:36:41,885 - Loaded System Directive: org.apache.velocity.runtime.directive.Define
2023-05-03 18:36:41,885 - Loaded System Directive: org.apache.velocity.runtime.directive.Break
2023-05-03 18:36:41,886 - Loaded System Directive: org.apache.velocity.runtime.directive.Evaluate
2023-05-03 18:36:41,887 - Loaded System Directive: org.apache.velocity.runtime.directive.Literal
2023-05-03 18:36:41,888 - Loaded System Directive: org.apache.velocity.runtime.directive.Macro
2023-05-03 18:36:41,890 - Loaded System Directive: org.apache.velocity.runtime.directive.Parse
2023-05-03 18:36:41,891 - Loaded System Directive: org.apache.velocity.runtime.directive.Include
2023-05-03 18:36:41,892 - Loaded System Directive: org.apache.velocity.runtime.directive.Foreach
2023-05-03 18:36:41,926 - Created '20' parsers.
2023-05-03 18:36:41,929 - Velocimacro : "velocimacro.library" is not set.  Trying default library: VM_global_library.vm
2023-05-03 18:36:41,930 - Could not load resource 'VM_global_library.vm' from ResourceLoader org.apache.velocity.runtime.resource.loader.ClasspathResourceLoader: ClasspathResourceLoader Error: cannot find resource VM_global_library.vm
2023-05-03 18:36:41,930 - Velocimacro : Default library not found.
2023-05-03 18:36:41,930 - Velocimacro : allowInline = true : VMs can be defined inline in templates
2023-05-03 18:36:41,930 - Velocimacro : allowInlineToOverride = false : VMs defined inline may NOT replace previous VM definitions
2023-05-03 18:36:41,930 - Velocimacro : allowInlineLocal = false : VMs defined inline will be global in scope if allowed.
2023-05-03 18:36:41,930 - Velocimacro : autoload off : VM system will not automatically reload global library macros
2023-05-03 18:36:41,933 - Log4JLogChute initialized using file 'velocity.log'
2023-05-03 18:36:41,933 - Initializing Velocity, Calling init()...
2023-05-03 18:36:41,933 - Starting Apache Velocity v1.7 (compiled: 2010-11-19 12:14:37)
2023-05-03 18:36:41,933 - Default Properties File: org/apache/velocity/runtime/defaults/velocity.properties
2023-05-03 18:36:41,933 - Trying to use logger class org.apache.velocity.runtime.log.AvalonLogChute
2023-05-03 18:36:41,933 - Target log system for org.apache.velocity.runtime.log.AvalonLogChute is not available (java.lang.NoClassDefFoundError: org/apache/log/format/Formatter).  Falling back to next log system...
2023-05-03 18:36:41,933 - Trying to use logger class org.apache.velocity.runtime.log.Log4JLogChute
2023-05-03 18:36:41,933 - Using logger class org.apache.velocity.runtime.log.Log4JLogChute
2023-05-03 18:36:41,934 - ResourceLoader instantiated: org.apache.velocity.runtime.resource.loader.FileResourceLoader
2023-05-03 18:36:41,934 - Do unicode file recognition:  false
2023-05-03 18:36:41,934 - FileResourceLoader : adding path '.'
2023-05-03 18:36:41,934 - ResourceLoader instantiated: org.apache.velocity.runtime.resource.loader.ClasspathResourceLoader
2023-05-03 18:36:41,934 - ResourceCache: initialized (class org.apache.velocity.runtime.resource.ResourceCacheImpl) with class java.util.Collections$SynchronizedMap cache map.
2023-05-03 18:36:41,934 - Loaded System Directive: org.apache.velocity.runtime.directive.Stop
2023-05-03 18:36:41,934 - Loaded System Directive: org.apache.velocity.runtime.directive.Define
2023-05-03 18:36:41,934 - Loaded System Directive: org.apache.velocity.runtime.directive.Break
2023-05-03 18:36:41,934 - Loaded System Directive: org.apache.velocity.runtime.directive.Evaluate
2023-05-03 18:36:41,935 - Loaded System Directive: org.apache.velocity.runtime.directive.Literal
2023-05-03 18:36:41,935 - Loaded System Directive: org.apache.velocity.runtime.directive.Macro
2023-05-03 18:36:41,935 - Loaded System Directive: org.apache.velocity.runtime.directive.Parse
2023-05-03 18:36:41,935 - Loaded System Directive: org.apache.velocity.runtime.directive.Include
2023-05-03 18:36:41,935 - Loaded System Directive: org.apache.velocity.runtime.directive.Foreach
2023-05-03 18:36:41,935 - Created '20' parsers.
2023-05-03 18:36:41,936 - Velocimacro : "velocimacro.library" is not set.  Trying default library: VM_global_library.vm
2023-05-03 18:36:41,936 - Could not load resource 'VM_global_library.vm' from ResourceLoader org.apache.velocity.runtime.resource.loader.ClasspathResourceLoader: ClasspathResourceLoader Error: cannot find resource VM_global_library.vm
2023-05-03 18:36:41,936 - Velocimacro : Default library not found.
2023-05-03 18:36:41,936 - Velocimacro : allowInline = true : VMs can be defined inline in templates
2023-05-03 18:36:41,936 - Velocimacro : allowInlineToOverride = false : VMs defined inline may NOT replace previous VM definitions
2023-05-03 18:36:41,936 - Velocimacro : allowInlineLocal = false : VMs defined inline will be global in scope if allowed.
2023-05-03 18:36:41,936 - Velocimacro : autoload off : VM system will not automatically reload global library macros
-05-03 18:36:41,936 - Velocimacro : allowInlineLocal = false : VMs defined inline will be global in scope if allowed.
2023-05-03 18:36:41,936 - Velocimacro : autoload off : VM system will not automatically reload global library macros
2023-05-03 18:38:36,391 - Log4JLogChute initialized using file 'velocity.log'
2023-05-03 18:38:36,391 - Initializing Velocity, Calling init()...
2023-05-03 18:38:36,391 - Starting Apache Velocity v1.7 (compiled: 2010-11-19 12:14:37)
2023-05-03 18:38:36,391 - Default Properties File: org/apache/velocity/runtime/defaults/velocity.properties
2023-05-03 18:38:36,391 - Trying to use logger class org.apache.velocity.runtime.log.AvalonLogChute
2023-05-03 18:38:36,391 - Target log system for org.apache.velocity.runtime.log.AvalonLogChute is not available (java.lang.NoClassDefFoundError: org/apache/log/format/Formatter).  Falling back to next log system...
2023-05-03 18:38:36,391 - Trying to use logger class org.apache.velocity.runtime.log.Log4JLogChute
2023-05-03 18:38:36,391 - Using logger class org.apache.velocity.runtime.log.Log4JLogChute
2023-05-03 18:38:36,395 - ResourceLoader instantiated: org.apache.velocity.runtime.resource.loader.FileResourceLoader
2023-05-03 18:38:36,396 - Do unicode file recognition:  false
2023-05-03 18:38:36,396 - FileResourceLoader : adding path '.'
2023-05-03 18:38:36,397 - ResourceLoader instantiated: org.apache.velocity.runtime.resource.loader.ClasspathResourceLoader
2023-05-03 18:38:36,406 - ResourceCache: initialized (class org.apache.velocity.runtime.resource.ResourceCacheImpl) with class java.util.Collections$SynchronizedMap cache map.
2023-05-03 18:38:36,407 - Loaded System Directive: org.apache.velocity.runtime.directive.Stop
2023-05-03 18:38:36,408 - Loaded System Directive: org.apache.velocity.runtime.directive.Define
2023-05-03 18:38:36,408 - Loaded System Directive: org.apache.velocity.runtime.directive.Break
2023-05-03 18:38:36,409 - Loaded System Directive: org.apache.velocity.runtime.directive.Evaluate
2023-05-03 18:38:36,409 - Loaded System Directive: org.apache.velocity.runtime.directive.Literal
2023-05-03 18:38:36,410 - Loaded System Directive: org.apache.velocity.runtime.directive.Macro
2023-05-03 18:38:36,411 - Loaded System Directive: org.apache.velocity.runtime.directive.Parse
2023-05-03 18:38:36,412 - Loaded System Directive: org.apache.velocity.runtime.directive.Include
2023-05-03 18:38:36,413 - Loaded System Directive: org.apache.velocity.runtime.directive.Foreach
2023-05-03 18:38:36,435 - Created '20' parsers.
2023-05-03 18:38:36,440 - Velocimacro : "velocimacro.library" is not set.  Trying default library: VM_global_library.vm
2023-05-03 18:38:36,441 - Could not load resource 'VM_global_library.vm' from ResourceLoader org.apache.velocity.runtime.resource.loader.ClasspathResourceLoader: ClasspathResourceLoader Error: cannot find resource VM_global_library.vm
2023-05-03 18:38:36,441 - Velocimacro : Default library not found.
2023-05-03 18:38:36,441 - Velocimacro : allowInline = true : VMs can be defined inline in templates
2023-05-03 18:38:36,441 - Velocimacro : allowInlineToOverride = false : VMs defined inline may NOT replace previous VM definitions
2023-05-03 18:38:36,441 - Velocimacro : allowInlineLocal = false : VMs defined inline will be global in scope if allowed.
2023-05-03 18:38:36,441 - Velocimacro : autoload off : VM system will not automatically reload global library macros
2023-05-03 18:38:36,446 - Log4JLogChute initialized using file 'velocity.log'
2023-05-03 18:38:36,446 - Log4JLogChute initialized using file 'velocity.log'
2023-05-03 18:38:36,446 - Initializing Velocity, Calling init()...
2023-05-03 18:38:36,446 - Initializing Velocity, Calling init()...
2023-05-03 18:38:36,446 - Starting Apache Velocity v1.7 (compiled: 2010-11-19 12:14:37)
2023-05-03 18:38:36,446 - Starting Apache Velocity v1.7 (compiled: 2010-11-19 12:14:37)
2023-05-03 18:38:36,446 - Default Properties File: org/apache/velocity/runtime/defaults/velocity.properties
2023-05-03 18:38:36,446 - Default Properties File: org/apache/velocity/runtime/defaults/velocity.properties
2023-05-03 18:38:36,446 - Trying to use logger class org.apache.velocity.runtime.log.AvalonLogChute
2023-05-03 18:38:36,446 - Trying to use logger class org.apache.velocity.runtime.log.AvalonLogChute
2023-05-03 18:38:36,446 - Target log system for org.apache.velocity.runtime.log.AvalonLogChute is not available (java.lang.NoClassDefFoundError: org/apache/log/format/Formatter).  Falling back to next log system...
2023-05-03 18:38:36,446 - Target log system for org.apache.velocity.runtime.log.AvalonLogChute is not available (java.lang.NoClassDefFoundError: org/apache/log/format/Formatter).  Falling back to next log system...
2023-05-03 18:38:36,446 - Trying to use logger class org.apache.velocity.runtime.log.Log4JLogChute
2023-05-03 18:38:36,446 - Trying to use logger class org.apache.velocity.runtime.log.Log4JLogChute
2023-05-03 18:38:36,446 - Using logger class org.apache.velocity.runtime.log.Log4JLogChute
2023-05-03 18:38:36,446 - Using logger class org.apache.velocity.runtime.log.Log4JLogChute
2023-05-03 18:38:36,446 - ResourceLoader instantiated: org.apache.velocity.runtime.resource.loader.FileResourceLoader
2023-05-03 18:38:36,446 - ResourceLoader instantiated: org.apache.velocity.runtime.resource.loader.FileResourceLoader
2023-05-03 18:38:36,447 - Do unicode file recognition:  false
2023-05-03 18:38:36,447 - Do unicode file recognition:  false
2023-05-03 18:38:36,447 - FileResourceLoader : adding path '.'
2023-05-03 18:38:36,447 - FileResourceLoader : adding path '.'
2023-05-03 18:38:36,447 - ResourceLoader instantiated: org.apache.velocity.runtime.resource.loader.ClasspathResourceLoader
2023-05-03 18:38:36,447 - ResourceLoader instantiated: org.apache.velocity.runtime.resource.loader.ClasspathResourceLoader
2023-05-03 18:38:36,447 - ResourceCache: initialized (class org.apache.velocity.runtime.resource.ResourceCacheImpl) with class java.util.Collections$SynchronizedMap cache map.
2023-05-03 18:38:36,447 - ResourceCache: initialized (class org.apache.velocity.runtime.resource.ResourceCacheImpl) with class java.util.Collections$SynchronizedMap cache map.
2023-05-03 18:38:36,448 - Loaded System Directive: org.apache.velocity.runtime.directive.Stop
2023-05-03 18:38:36,448 - Loaded System Directive: org.apache.velocity.runtime.directive.Stop
2023-05-03 18:38:36,448 - Loaded System Directive: org.apache.velocity.runtime.directive.Define
2023-05-03 18:38:36,448 - Loaded System Directive: org.apache.velocity.runtime.directive.Define
2023-05-03 18:38:36,448 - Loaded System Directive: org.apache.velocity.runtime.directive.Break
2023-05-03 18:38:36,448 - Loaded System Directive: org.apache.velocity.runtime.directive.Break
2023-05-03 18:38:36,448 - Loaded System Directive: org.apache.velocity.runtime.directive.Evaluate
2023-05-03 18:38:36,448 - Loaded System Directive: org.apache.velocity.runtime.directive.Evaluate
2023-05-03 18:38:36,448 - Loaded System Directive: org.apache.velocity.runtime.directive.Literal
2023-05-03 18:38:36,448 - Loaded System Directive: org.apache.velocity.runtime.directive.Literal
2023-05-03 18:38:36,448 - Loaded System Directive: org.apache.velocity.runtime.directive.Macro
2023-05-03 18:38:36,448 - Loaded System Directive: org.apache.velocity.runtime.directive.Macro
2023-05-03 18:38:36,448 - Loaded System Directive: org.apache.velocity.runtime.directive.Parse
2023-05-03 18:38:36,448 - Loaded System Directive: org.apache.velocity.runtime.directive.Parse
2023-05-03 18:38:36,448 - Loaded System Directive: org.apache.velocity.runtime.directive.Include
2023-05-03 18:38:36,448 - Loaded System Directive: org.apache.velocity.runtime.directive.Include
2023-05-03 18:38:36,448 - Loaded System Directive: org.apache.velocity.runtime.directive.Foreach
2023-05-03 18:38:36,448 - Loaded System Directive: org.apache.velocity.runtime.directive.Foreach
2023-05-03 18:38:36,449 - Created '20' parsers.
2023-05-03 18:38:36,449 - Created '20' parsers.
2023-05-03 18:38:36,449 - Velocimacro : "velocimacro.library" is not set.  Trying default library: VM_global_library.vm
2023-05-03 18:38:36,449 - Velocimacro : "velocimacro.library" is not set.  Trying default library: VM_global_library.vm
2023-05-03 18:38:36,450 - Could not load resource 'VM_global_library.vm' from ResourceLoader org.apache.velocity.runtime.resource.loader.ClasspathResourceLoader: ClasspathResourceLoader Error: cannot find resource VM_global_library.vm
2023-05-03 18:38:36,450 - Could not load resource 'VM_global_library.vm' from ResourceLoader org.apache.velocity.runtime.resource.loader.ClasspathResourceLoader: ClasspathResourceLoader Error: cannot find resource VM_global_library.vm
2023-05-03 18:38:36,450 - Velocimacro : Default library not found.
2023-05-03 18:38:36,450 - Velocimacro : Default library not found.
2023-05-03 18:38:36,450 - Velocimacro : allowInline = true : VMs can be defined inline in templates
2023-05-03 18:38:36,450 - Velocimacro : allowInline = true : VMs can be defined inline in templates
2023-05-03 18:38:36,450 - Velocimacro : allowInlineToOverride = false : VMs defined inline may NOT replace previous VM definitions
2023-05-03 18:38:36,450 - Velocimacro : allowInlineToOverride = false : VMs defined inline may NOT replace previous VM definitions
2023-05-03 18:38:36,450 - Velocimacro : allowInlineLocal = false : VMs defined inline will be global in scope if allowed.
2023-05-03 18:38:36,450 - Velocimacro : allowInlineLocal = false : VMs defined inline will be global in scope if allowed.
2023-05-03 18:38:36,450 - Velocimacro : autoload off : VM system will not automatically reload global library macros
2023-05-03 18:38:36,450 - Velocimacro : autoload off : VM system will not automatically reload global library macros
2023-05-03 18:44:07,373 - Log4JLogChute initialized using file 'velocity.log'
2023-05-03 18:44:07,374 - Initializing Velocity, Calling init()...
2023-05-03 18:44:07,374 - Starting Apache Velocity v1.7 (compiled: 2010-11-19 12:14:37)
2023-05-03 18:44:07,374 - Default Properties File: org/apache/velocity/runtime/defaults/velocity.properties
2023-05-03 18:44:07,374 - Trying to use logger class org.apache.velocity.runtime.log.AvalonLogChute
2023-05-03 18:44:07,374 - Target log system for org.apache.velocity.runtime.log.AvalonLogChute is not available (java.lang.NoClassDefFoundError: org/apache/log/format/Formatter).  Falling back to next log system...
2023-05-03 18:44:07,374 - Trying to use logger class org.apache.velocity.runtime.log.Log4JLogChute
2023-05-03 18:44:07,374 - Using logger class org.apache.velocity.runtime.log.Log4JLogChute
2023-05-03 18:44:07,379 - ResourceLoader instantiated: org.apache.velocity.runtime.resource.loader.FileResourceLoader
2023-05-03 18:44:07,380 - Do unicode file recognition:  false
2023-05-03 18:44:07,380 - FileResourceLoader : adding path '.'
2023-05-03 18:44:07,381 - ResourceLoader instantiated: org.apache.velocity.runtime.resource.loader.ClasspathResourceLoader
2023-05-03 18:44:07,393 - ResourceCache: initialized (class org.apache.velocity.runtime.resource.ResourceCacheImpl) with class java.util.Collections$SynchronizedMap cache map.
2023-05-03 18:44:07,395 - Loaded System Directive: org.apache.velocity.runtime.directive.Stop
2023-05-03 18:44:07,396 - Loaded System Directive: org.apache.velocity.runtime.directive.Define
2023-05-03 18:44:07,397 - Loaded System Directive: org.apache.velocity.runtime.directive.Break
2023-05-03 18:44:07,398 - Loaded System Directive: org.apache.velocity.runtime.directive.Evaluate
2023-05-03 18:44:07,398 - Loaded System Directive: org.apache.velocity.runtime.directive.Literal
2023-05-03 18:44:07,399 - Loaded System Directive: org.apache.velocity.runtime.directive.Macro
2023-05-03 18:44:07,401 - Loaded System Directive: org.apache.velocity.runtime.directive.Parse
2023-05-03 18:44:07,402 - Loaded System Directive: org.apache.velocity.runtime.directive.Include
2023-05-03 18:44:07,403 - Loaded System Directive: org.apache.velocity.runtime.directive.Foreach
2023-05-03 18:44:07,440 - Created '20' parsers.
2023-05-03 18:44:07,445 - Velocimacro : "velocimacro.library" is not set.  Trying default library: VM_global_library.vm
2023-05-03 18:44:07,446 - Could not load resource 'VM_global_library.vm' from ResourceLoader org.apache.velocity.runtime.resource.loader.ClasspathResourceLoader: ClasspathResourceLoader Error: cannot find resource VM_global_library.vm
2023-05-03 18:44:07,446 - Velocimacro : Default library not found.
2023-05-03 18:44:07,446 - Velocimacro : allowInline = true : VMs can be defined inline in templates
2023-05-03 18:44:07,446 - Velocimacro : allowInlineToOverride = false : VMs defined inline may NOT replace previous VM definitions
2023-05-03 18:44:07,446 - Velocimacro : allowInlineLocal = false : VMs defined inline will be global in scope if allowed.
2023-05-03 18:44:07,446 - Velocimacro : autoload off : VM system will not automatically reload global library macros
2023-05-03 18:44:07,450 - Log4JLogChute initialized using file 'velocity.log'
2023-05-03 18:44:07,450 - Log4JLogChute initialized using file 'velocity.log'
2023-05-03 18:44:07,450 - Initializing Velocity, Calling init()...
2023-05-03 18:44:07,450 - Initializing Velocity, Calling init()...
2023-05-03 18:44:07,450 - Starting Apache Velocity v1.7 (compiled: 2010-11-19 12:14:37)
2023-05-03 18:44:07,450 - Starting Apache Velocity v1.7 (compiled: 2010-11-19 12:14:37)
2023-05-03 18:44:07,450 - Default Properties File: org/apache/velocity/runtime/defaults/velocity.properties
2023-05-03 18:44:07,450 - Default Properties File: org/apache/velocity/runtime/defaults/velocity.properties
2023-05-03 18:44:07,450 - Trying to use logger class org.apache.velocity.runtime.log.AvalonLogChute
2023-05-03 18:44:07,450 - Trying to use logger class org.apache.velocity.runtime.log.AvalonLogChute
2023-05-03 18:44:07,450 - Target log system for org.apache.velocity.runtime.log.AvalonLogChute is not available (java.lang.NoClassDefFoundError: org/apache/log/format/Formatter).  Falling back to next log system...
2023-05-03 18:44:07,450 - Target log system for org.apache.velocity.runtime.log.AvalonLogChute is not available (java.lang.NoClassDefFoundError: org/apache/log/format/Formatter).  Falling back to next log system...
2023-05-03 18:44:07,451 - Trying to use logger class org.apache.velocity.runtime.log.Log4JLogChute
2023-05-03 18:44:07,451 - Trying to use logger class org.apache.velocity.runtime.log.Log4JLogChute
2023-05-03 18:44:07,451 - Using logger class org.apache.velocity.runtime.log.Log4JLogChute
2023-05-03 18:44:07,451 - Using logger class org.apache.velocity.runtime.log.Log4JLogChute
2023-05-03 18:44:07,451 - ResourceLoader instantiated: org.apache.velocity.runtime.resource.loader.FileResourceLoader
2023-05-03 18:44:07,451 - ResourceLoader instantiated: org.apache.velocity.runtime.resource.loader.FileResourceLoader
2023-05-03 18:44:07,451 - Do unicode file recognition:  false
2023-05-03 18:44:07,451 - Do unicode file recognition:  false
2023-05-03 18:44:07,451 - FileResourceLoader : adding path '.'
2023-05-03 18:44:07,451 - FileResourceLoader : adding path '.'
2023-05-03 18:44:07,451 - ResourceLoader instantiated: org.apache.velocity.runtime.resource.loader.ClasspathResourceLoader
2023-05-03 18:44:07,451 - ResourceLoader instantiated: org.apache.velocity.runtime.resource.loader.ClasspathResourceLoader
2023-05-03 18:44:07,451 - ResourceCache: initialized (class org.apache.velocity.runtime.resource.ResourceCacheImpl) with class java.util.Collections$SynchronizedMap cache map.
2023-05-03 18:44:07,451 - ResourceCache: initialized (class org.apache.velocity.runtime.resource.ResourceCacheImpl) with class java.util.Collections$SynchronizedMap cache map.
2023-05-03 18:44:07,452 - Loaded System Directive: org.apache.velocity.runtime.directive.Stop
2023-05-03 18:44:07,452 - Loaded System Directive: org.apache.velocity.runtime.directive.Stop
2023-05-03 18:44:07,452 - Loaded System Directive: org.apache.velocity.runtime.directive.Define
2023-05-03 18:44:07,452 - Loaded System Directive: org.apache.velocity.runtime.directive.Define
2023-05-03 18:44:07,452 - Loaded System Directive: org.apache.velocity.runtime.directive.Break
2023-05-03 18:44:07,452 - Loaded System Directive: org.apache.velocity.runtime.directive.Break
2023-05-03 18:44:07,452 - Loaded System Directive: org.apache.velocity.runtime.directive.Evaluate
2023-05-03 18:44:07,452 - Loaded System Directive: org.apache.velocity.runtime.directive.Evaluate
2023-05-03 18:44:07,452 - Loaded System Directive: org.apache.velocity.runtime.directive.Literal
2023-05-03 18:44:07,452 - Loaded System Directive: org.apache.velocity.runtime.directive.Literal
2023-05-03 18:44:07,453 - Loaded System Directive: org.apache.velocity.runtime.directive.Macro
2023-05-03 18:44:07,453 - Loaded System Directive: org.apache.velocity.runtime.directive.Macro
2023-05-03 18:44:07,453 - Loaded System Directive: org.apache.velocity.runtime.directive.Parse
2023-05-03 18:44:07,453 - Loaded System Directive: org.apache.velocity.runtime.directive.Parse
2023-05-03 18:44:07,453 - Loaded System Directive: org.apache.velocity.runtime.directive.Include
2023-05-03 18:44:07,453 - Loaded System Directive: org.apache.velocity.runtime.directive.Include
2023-05-03 18:44:07,453 - Loaded System Directive: org.apache.velocity.runtime.directive.Foreach
2023-05-03 18:44:07,453 - Loaded System Directive: org.apache.velocity.runtime.directive.Foreach
2023-05-03 18:44:07,454 - Created '20' parsers.
2023-05-03 18:44:07,454 - Created '20' parsers.
2023-05-03 18:44:07,454 - Velocimacro : "velocimacro.library" is not set.  Trying default library: VM_global_library.vm
2023-05-03 18:44:07,454 - Velocimacro : "velocimacro.library" is not set.  Trying default library: VM_global_library.vm
2023-05-03 18:44:07,454 - Could not load resource 'VM_global_library.vm' from ResourceLoader org.apache.velocity.runtime.resource.loader.ClasspathResourceLoader: ClasspathResourceLoader Error: cannot find resource VM_global_library.vm
2023-05-03 18:44:07,454 - Could not load resource 'VM_global_library.vm' from ResourceLoader org.apache.velocity.runtime.resource.loader.ClasspathResourceLoader: ClasspathResourceLoader Error: cannot find resource VM_global_library.vm
2023-05-03 18:44:07,454 - Velocimacro : Default library not found.
2023-05-03 18:44:07,454 - Velocimacro : Default library not found.
2023-05-03 18:44:07,454 - Velocimacro : allowInline = true : VMs can be defined inline in templates
2023-05-03 18:44:07,454 - Velocimacro : allowInline = true : VMs can be defined inline in templates
2023-05-03 18:44:07,454 - Velocimacro : allowInlineToOverride = false : VMs defined inline may NOT replace previous VM definitions
2023-05-03 18:44:07,454 - Velocimacro : allowInlineToOverride = false : VMs defined inline may NOT replace previous VM definitions
2023-05-03 18:44:07,455 - Velocimacro : allowInlineLocal = false : VMs defined inline will be global in scope if allowed.
2023-05-03 18:44:07,455 - Velocimacro : allowInlineLocal = false : VMs defined inline will be global in scope if allowed.
2023-05-03 18:44:07,455 - Velocimacro : autoload off : VM system will not automatically reload global library macros
2023-05-03 18:44:07,455 - Velocimacro : autoload off : VM system will not automatically reload global library macros
